Using pre-set license
Built from '2020.2/release' branch; Version is '2020.2.1f1 (270dd8c3da1c) revision 2559448'; Using compiler version '192528614'; Build Type 'Release'
OS: 'Windows 10  (10.0.0) 64bit' Language: 'en' Physical Memory: 16233 MB
BatchMode: 1, IsHumanControllingUs: 0, StartBugReporterOnCrash: 0, Is64bit: 1, IsPro: 0

 COMMAND LINE ARGUMENTS:
C:\Program Files\Unity\Hub\Editor\2020.2.1f1\Editor\Unity.exe
-adb2
-batchMode
-noUpm
-name
AssetImportWorker0
-projectPath
C:/Users/katie/Documents/GitHub/CleanFishTank/CleanFishTank
-logFile
Logs/AssetImportWorker0.log
-srvPort
56970
Successfully changed project path to: C:/Users/katie/Documents/GitHub/CleanFishTank/CleanFishTank
C:/Users/katie/Documents/GitHub/CleanFishTank/CleanFishTank
Using Asset Import Pipeline V2.
Refreshing native plugins compatible for Editor in 39.15 ms, found 1 plugins.
Preloading 0 native plugins for Editor in 0.00 ms.
Initialize engine version: 2020.2.1f1 (270dd8c3da1c)
[Subsystems] Discovering subsystems at path C:/Program Files/Unity/Hub/Editor/2020.2.1f1/Editor/Data/Resources/UnitySubsystems
[Subsystems] Discovering subsystems at path C:/Users/katie/Documents/GitHub/CleanFishTank/CleanFishTank/Assets
GfxDevice: creating device client; threaded=0
Direct3D:
    Version:  Direct3D 11.0 [level 11.1]
    Renderer: NVIDIA GeForce GTX 1660 Ti (ID=0x2191)
    Vendor:   
    VRAM:     5991 MB
    Driver:   27.21.14.5763
Initialize mono
Mono path[0] = 'C:/Program Files/Unity/Hub/Editor/2020.2.1f1/Editor/Data/Managed'
Mono path[1] = 'C:/Program Files/Unity/Hub/Editor/2020.2.1f1/Editor/Data/MonoBleedingEdge/lib/mono/unityjit'
Mono config path = 'C:/Program Files/Unity/Hub/Editor/2020.2.1f1/Editor/Data/MonoBleedingEdge/etc'
Using monoOptions --debugger-agent=transport=dt_socket,embedding=1,server=y,suspend=n,address=127.0.0.1:56796
Begin MonoManager ReloadAssembly
Registering precompiled unity dll's ...
Register platform support module: C:/Program Files/Unity/Hub/Editor/2020.2.1f1/Editor/Data/PlaybackEngines/WindowsStandaloneSupport/UnityEditor.WindowsStandalone.Extensions.dll
Registered in 0.001791 seconds.
Native extension for WindowsStandalone target not found
Refreshing native plugins compatible for Editor in 34.61 ms, found 1 plugins.
Preloading 0 native plugins for Editor in 0.00 ms.
Invoked RoslynAnalysisRunner static constructor.
RoslynAnalysisRunner will not be running.
RoslynAnalysisRunner has terminated.
Mono: successfully reloaded assembly
- Completed reload, in  1.028 seconds
Platform modules already initialized, skipping
Registering precompiled user dll's ...
Registered in 0.001014 seconds.
Begin MonoManager ReloadAssembly
Native extension for WindowsStandalone target not found
Refreshing native plugins compatible for Editor in 46.84 ms, found 1 plugins.
Preloading 0 native plugins for Editor in 0.00 ms.
Invoked RoslynAnalysisRunner static constructor.
RoslynAnalysisRunner will not be running.
RoslynAnalysisRunner has terminated.
Mono: successfully reloaded assembly
- Completed reload, in  0.899 seconds
Platform modules already initialized, skipping
========================================================================
Worker process is ready to serve import requests
Launched and connected shader compiler UnityShaderCompiler.exe after 0.04 seconds
Refreshing native plugins compatible for Editor in 0.34 ms, found 1 plugins.
Preloading 0 native plugins for Editor in 0.00 ms.
Unloading 1787 Unused Serialized files (Serialized files now loaded: 0)
System memory in use before: 83.6 MB.
System memory in use after: 83.5 MB.

Unloading 24 unused Assets to reduce memory usage. Loaded Objects now: 2226.
Total: 1.990800 ms (FindLiveObjects: 0.215900 ms CreateObjectMapping: 0.089700 ms MarkObjects: 1.578100 ms  DeleteObjects: 0.106200 ms)

========================================================================
Received Import Request.
  path: Assets/Scenes
  artifactKey: Guid(8f7c5c45330b70d4ea975e06e2247e01) Importer(815301076,1909f56bfc062723c751e8b465ee728b)
Start importing Assets/Scenes using Guid(8f7c5c45330b70d4ea975e06e2247e01) Importer(815301076,1909f56bfc062723c751e8b465ee728b)  -> (artifact id: 'd49c179d76cecda8015117d5e7b974b3') in 0.010034 seconds
  Import took 0.012950 seconds .

========================================================================
Received Import Request.
  Time since last request: 61.815854 seconds.
  path: Assets/Square.prefab
  artifactKey: Guid(5143feca4c2c92244a9993ac8b04c780) Importer(815301076,1909f56bfc062723c751e8b465ee728b)
Start importing Assets/Square.prefab using Guid(5143feca4c2c92244a9993ac8b04c780) Importer(815301076,1909f56bfc062723c751e8b465ee728b)  -> (artifact id: '59536cb271c27634d395fc55a6c15df6') in 0.108090 seconds
  Import took 0.112102 seconds .

========================================================================
Received Import Request.
  Time since last request: 18.725504 seconds.
  path: Assets
  artifactKey: Guid(00000000000000001000000000000000) Importer(815301076,1909f56bfc062723c751e8b465ee728b)
Start importing Assets using Guid(00000000000000001000000000000000) Importer(815301076,1909f56bfc062723c751e8b465ee728b)  -> (artifact id: 'e1a2c4dac9df7c17871e19a3b74f0e9f') in 0.011688 seconds
  Import took 0.015284 seconds .

========================================================================
Received Import Request.
  Time since last request: 45.818822 seconds.
  path: Assets/New Prefab.prefab
  artifactKey: Guid(608b09841dda1b842bfc0a09cf5c6ea0) Importer(815301076,1909f56bfc062723c751e8b465ee728b)
Start importing Assets/New Prefab.prefab using Guid(608b09841dda1b842bfc0a09cf5c6ea0) Importer(815301076,1909f56bfc062723c751e8b465ee728b)  -> (artifact id: '55ec33f2359aff2203fdab58062e82fa') in 0.009361 seconds
  Import took 0.014233 seconds .

========================================================================
Received Import Request.
  Time since last request: 0.001046 seconds.
  path: Assets/New Prefab.prefab
  artifactKey: Guid(608b09841dda1b842bfc0a09cf5c6ea0) Importer(815301076,1909f56bfc062723c751e8b465ee728b)
Start importing Assets/New Prefab.prefab using Guid(608b09841dda1b842bfc0a09cf5c6ea0) Importer(815301076,1909f56bfc062723c751e8b465ee728b)  -> (artifact id: '55ec33f2359aff2203fdab58062e82fa') in 0.004834 seconds
  Import took 0.008317 seconds .

========================================================================
Received Import Request.
  Time since last request: 30.997901 seconds.
  path: Assets/Prefabs
  artifactKey: Guid(fc804e1cfc32d3a458d784199c8962e8) Importer(815301076,1909f56bfc062723c751e8b465ee728b)
Start importing Assets/Prefabs using Guid(fc804e1cfc32d3a458d784199c8962e8) Importer(815301076,1909f56bfc062723c751e8b465ee728b)  -> (artifact id: 'becd44d63687d1fd52e333d1cc4aed4e') in 0.009202 seconds
  Import took 0.012363 seconds .

========================================================================
Received Import Request.
  Time since last request: 65.536045 seconds.
  path: Assets/Prefabs/TankWidth.prefab
  artifactKey: Guid(800a62a701c3bd844a8bee31b2f77ea0) Importer(815301076,1909f56bfc062723c751e8b465ee728b)
Start importing Assets/Prefabs/TankWidth.prefab using Guid(800a62a701c3bd844a8bee31b2f77ea0) Importer(815301076,1909f56bfc062723c751e8b465ee728b)  -> (artifact id: 'b9ba71d000f34d1041f99bcded9c970e') in 0.022495 seconds
  Import took 0.026767 seconds .

========================================================================
Received Import Request.
  Time since last request: 84.133908 seconds.
  path: Assets/Prefabs/TankHeight.prefab
  artifactKey: Guid(49756baaa9c7d3943b9fdd5c87b4212c) Importer(815301076,1909f56bfc062723c751e8b465ee728b)
Start importing Assets/Prefabs/TankHeight.prefab using Guid(49756baaa9c7d3943b9fdd5c87b4212c) Importer(815301076,1909f56bfc062723c751e8b465ee728b)  -> (artifact id: 'e6101b8c3e9a27f847c4d5bdd5551e6c') in 0.020783 seconds
  Import took 0.024288 seconds .

========================================================================
Received Import Request.
  Time since last request: 0.000997 seconds.
  path: Assets/Prefabs/TankHeight.prefab
  artifactKey: Guid(49756baaa9c7d3943b9fdd5c87b4212c) Importer(815301076,1909f56bfc062723c751e8b465ee728b)
Start importing Assets/Prefabs/TankHeight.prefab using Guid(49756baaa9c7d3943b9fdd5c87b4212c) Importer(815301076,1909f56bfc062723c751e8b465ee728b)  -> (artifact id: 'e6101b8c3e9a27f847c4d5bdd5551e6c') in 0.010136 seconds
  Import took 0.013502 seconds .

========================================================================
Received Import Request.
  Time since last request: 55.115607 seconds.
  path: Assets/Prefabs/TankWidth.prefab
  artifactKey: Guid(800a62a701c3bd844a8bee31b2f77ea0) Importer(815301076,1909f56bfc062723c751e8b465ee728b)
Start importing Assets/Prefabs/TankWidth.prefab using Guid(800a62a701c3bd844a8bee31b2f77ea0) Importer(815301076,1909f56bfc062723c751e8b465ee728b)  -> (artifact id: '4d6424489967f6920f19c5debee9a440') in 0.012654 seconds
  Import took 0.016041 seconds .

========================================================================
Received Import Request.
  Time since last request: 22.245347 seconds.
  path: Assets/Prefabs/TankHeight.prefab
  artifactKey: Guid(49756baaa9c7d3943b9fdd5c87b4212c) Importer(815301076,1909f56bfc062723c751e8b465ee728b)
Start importing Assets/Prefabs/TankHeight.prefab using Guid(49756baaa9c7d3943b9fdd5c87b4212c) Importer(815301076,1909f56bfc062723c751e8b465ee728b)  -> (artifact id: '434d885e0b01a58dfda7063464bc1034') in 0.011270 seconds
  Import took 0.014722 seconds .

========================================================================
Received Import Request.
  Time since last request: 39.459430 seconds.
  path: Assets/Prefabs/TankHeight.prefab
  artifactKey: Guid(49756baaa9c7d3943b9fdd5c87b4212c) Importer(815301076,1909f56bfc062723c751e8b465ee728b)
Start importing Assets/Prefabs/TankHeight.prefab using Guid(49756baaa9c7d3943b9fdd5c87b4212c) Importer(815301076,1909f56bfc062723c751e8b465ee728b)  -> (artifact id: '88d8132ab550aec04a9dc1ee2390c2ca') in 0.011876 seconds
  Import took 0.015762 seconds .

========================================================================
Received Import Request.
  Time since last request: 5.217849 seconds.
  path: Assets/Prefabs/TankHeight.prefab
  artifactKey: Guid(49756baaa9c7d3943b9fdd5c87b4212c) Importer(815301076,1909f56bfc062723c751e8b465ee728b)
Start importing Assets/Prefabs/TankHeight.prefab using Guid(49756baaa9c7d3943b9fdd5c87b4212c) Importer(815301076,1909f56bfc062723c751e8b465ee728b)  -> (artifact id: '41d1c97e2c35b5f46f916f51fb63e856') in 0.010664 seconds
  Import took 0.013901 seconds .

========================================================================
Received Import Request.
  Time since last request: 17.375753 seconds.
  path: Assets/Prefabs/TankWidth.prefab
  artifactKey: Guid(800a62a701c3bd844a8bee31b2f77ea0) Importer(815301076,1909f56bfc062723c751e8b465ee728b)
Start importing Assets/Prefabs/TankWidth.prefab using Guid(800a62a701c3bd844a8bee31b2f77ea0) Importer(815301076,1909f56bfc062723c751e8b465ee728b)  -> (artifact id: '3828b803670e0ce43f7b61e5162b881a') in 0.012741 seconds
  Import took 0.016375 seconds .

========================================================================
Received Prepare
Registering precompiled user dll's ...
Registered in 0.000973 seconds.
Begin MonoManager ReloadAssembly
Native extension for WindowsStandalone target not found
Refreshing native plugins compatible for Editor in 0.36 ms, found 1 plugins.
Preloading 0 native plugins for Editor in 0.00 ms.
Invoked RoslynAnalysisRunner static constructor.
RoslynAnalysisRunner will not be running.
RoslynAnalysisRunner has terminated.
Mono: successfully reloaded assembly
- Completed reload, in  0.789 seconds
Platform modules already initialized, skipping
Refreshing native plugins compatible for Editor in 0.32 ms, found 1 plugins.
Preloading 0 native plugins for Editor in 0.00 ms.
Unloading 1782 Unused Serialized files (Serialized files now loaded: 0)
System memory in use before: 86.7 MB.
System memory in use after: 86.7 MB.

Unloading 12 unused Assets to reduce memory usage. Loaded Objects now: 2236.
Total: 1.903200 ms (FindLiveObjects: 0.251700 ms CreateObjectMapping: 0.075200 ms MarkObjects: 1.493600 ms  DeleteObjects: 0.081700 ms)

========================================================================
Received Import Request.
  Time since last request: 26.737643 seconds.
  path: Assets/Prefabs/TankWidth.prefab
  artifactKey: Guid(800a62a701c3bd844a8bee31b2f77ea0) Importer(815301076,1909f56bfc062723c751e8b465ee728b)
Start importing Assets/Prefabs/TankWidth.prefab using Guid(800a62a701c3bd844a8bee31b2f77ea0) Importer(815301076,1909f56bfc062723c751e8b465ee728b)  -> (artifact id: '52aeab99b1a7a4da6d396f734c19abb0') in 0.049078 seconds
  Import took 0.051780 seconds .

========================================================================
Received Import Request.
  Time since last request: 4.345403 seconds.
  path: Assets/Prefabs/TankHeight.prefab
  artifactKey: Guid(49756baaa9c7d3943b9fdd5c87b4212c) Importer(815301076,1909f56bfc062723c751e8b465ee728b)
Start importing Assets/Prefabs/TankHeight.prefab using Guid(49756baaa9c7d3943b9fdd5c87b4212c) Importer(815301076,1909f56bfc062723c751e8b465ee728b)  -> (artifact id: '5702205edb49242d3c80c3790ee82c2e') in 0.010396 seconds
  Import took 0.014434 seconds .

========================================================================
Received Prepare
Registering precompiled user dll's ...
Registered in 0.000951 seconds.
Begin MonoManager ReloadAssembly
Native extension for WindowsStandalone target not found
Refreshing native plugins compatible for Editor in 0.31 ms, found 1 plugins.
Preloading 0 native plugins for Editor in 0.00 ms.
Invoked RoslynAnalysisRunner static constructor.
RoslynAnalysisRunner will not be running.
RoslynAnalysisRunner has terminated.
Mono: successfully reloaded assembly
- Completed reload, in  0.749 seconds
Platform modules already initialized, skipping
Refreshing native plugins compatible for Editor in 0.32 ms, found 1 plugins.
Preloading 0 native plugins for Editor in 0.00 ms.
Unloading 1782 Unused Serialized files (Serialized files now loaded: 0)
System memory in use before: 86.8 MB.
System memory in use after: 86.8 MB.

Unloading 12 unused Assets to reduce memory usage. Loaded Objects now: 2240.
Total: 2.526300 ms (FindLiveObjects: 0.214600 ms CreateObjectMapping: 0.078900 ms MarkObjects: 2.098800 ms  DeleteObjects: 0.132700 ms)

========================================================================
Received Import Request.
  Time since last request: 31.745610 seconds.
  path: Assets/Prefabs/TankWidth.prefab
  artifactKey: Guid(800a62a701c3bd844a8bee31b2f77ea0) Importer(815301076,1909f56bfc062723c751e8b465ee728b)
Start importing Assets/Prefabs/TankWidth.prefab using Guid(800a62a701c3bd844a8bee31b2f77ea0) Importer(815301076,1909f56bfc062723c751e8b465ee728b)  -> (artifact id: '231f7c01f5db8d370d8a0bb709b66975') in 0.047599 seconds
  Import took 0.050369 seconds .

========================================================================
Received Import Request.
  Time since last request: 2.951456 seconds.
  path: Assets/Prefabs/TankHeight.prefab
  artifactKey: Guid(49756baaa9c7d3943b9fdd5c87b4212c) Importer(815301076,1909f56bfc062723c751e8b465ee728b)
Start importing Assets/Prefabs/TankHeight.prefab using Guid(49756baaa9c7d3943b9fdd5c87b4212c) Importer(815301076,1909f56bfc062723c751e8b465ee728b)  -> (artifact id: 'f8dbe31a06a7c154872122b86dd0891c') in 0.011536 seconds
  Import took 0.015534 seconds .

========================================================================
Received Prepare
Registering precompiled user dll's ...
Registered in 0.001048 seconds.
Begin MonoManager ReloadAssembly
Native extension for WindowsStandalone target not found
Refreshing native plugins compatible for Editor in 0.50 ms, found 1 plugins.
Preloading 0 native plugins for Editor in 0.00 ms.
Invoked RoslynAnalysisRunner static constructor.
RoslynAnalysisRunner will not be running.
RoslynAnalysisRunner has terminated.
Mono: successfully reloaded assembly
- Completed reload, in  0.855 seconds
Platform modules already initialized, skipping
Refreshing native plugins compatible for Editor in 0.31 ms, found 1 plugins.
Preloading 0 native plugins for Editor in 0.00 ms.
Unloading 1782 Unused Serialized files (Serialized files now loaded: 0)
System memory in use before: 86.9 MB.
System memory in use after: 86.9 MB.

Unloading 12 unused Assets to reduce memory usage. Loaded Objects now: 2244.
Total: 2.389200 ms (FindLiveObjects: 0.349900 ms CreateObjectMapping: 0.165000 ms MarkObjects: 1.727400 ms  DeleteObjects: 0.145000 ms)

========================================================================
Received Prepare
Registering precompiled user dll's ...
Registered in 0.001009 seconds.
Begin MonoManager ReloadAssembly
Native extension for WindowsStandalone target not found
Refreshing native plugins compatible for Editor in 0.33 ms, found 1 plugins.
Preloading 0 native plugins for Editor in 0.00 ms.
Invoked RoslynAnalysisRunner static constructor.
RoslynAnalysisRunner will not be running.
RoslynAnalysisRunner has terminated.
Mono: successfully reloaded assembly
- Completed reload, in  0.776 seconds
Platform modules already initialized, skipping
Refreshing native plugins compatible for Editor in 0.32 ms, found 1 plugins.
Preloading 0 native plugins for Editor in 0.00 ms.
Unloading 1782 Unused Serialized files (Serialized files now loaded: 0)
System memory in use before: 87.0 MB.
System memory in use after: 87.0 MB.

Unloading 12 unused Assets to reduce memory usage. Loaded Objects now: 2247.
Total: 2.030300 ms (FindLiveObjects: 0.192900 ms CreateObjectMapping: 0.090500 ms MarkObjects: 1.658300 ms  DeleteObjects: 0.087400 ms)

========================================================================
Received Prepare
Registering precompiled user dll's ...
Registered in 0.001091 seconds.
Begin MonoManager ReloadAssembly
Native extension for WindowsStandalone target not found
Refreshing native plugins compatible for Editor in 0.36 ms, found 1 plugins.
Preloading 0 native plugins for Editor in 0.00 ms.
Invoked RoslynAnalysisRunner static constructor.
RoslynAnalysisRunner will not be running.
RoslynAnalysisRunner has terminated.
Mono: successfully reloaded assembly
- Completed reload, in  0.825 seconds
Platform modules already initialized, skipping
Refreshing native plugins compatible for Editor in 0.46 ms, found 1 plugins.
Preloading 0 native plugins for Editor in 0.00 ms.
Unloading 1783 Unused Serialized files (Serialized files now loaded: 0)
System memory in use before: 87.1 MB.
System memory in use after: 87.1 MB.

Unloading 12 unused Assets to reduce memory usage. Loaded Objects now: 2251.
Total: 2.227500 ms (FindLiveObjects: 0.234400 ms CreateObjectMapping: 0.094300 ms MarkObjects: 1.788800 ms  DeleteObjects: 0.108400 ms)

========================================================================
Received Prepare
Registering precompiled user dll's ...
Registered in 0.000995 seconds.
Begin MonoManager ReloadAssembly
Native extension for WindowsStandalone target not found
Refreshing native plugins compatible for Editor in 0.31 ms, found 1 plugins.
Preloading 0 native plugins for Editor in 0.00 ms.
Invoked RoslynAnalysisRunner static constructor.
RoslynAnalysisRunner will not be running.
RoslynAnalysisRunner has terminated.
Mono: successfully reloaded assembly
- Completed reload, in  0.771 seconds
Platform modules already initialized, skipping
Refreshing native plugins compatible for Editor in 0.34 ms, found 1 plugins.
Preloading 0 native plugins for Editor in 0.00 ms.
Unloading 1783 Unused Serialized files (Serialized files now loaded: 0)
System memory in use before: 87.1 MB.
System memory in use after: 87.1 MB.

Unloading 12 unused Assets to reduce memory usage. Loaded Objects now: 2254.
Total: 2.042600 ms (FindLiveObjects: 0.195200 ms CreateObjectMapping: 0.086700 ms MarkObjects: 1.644200 ms  DeleteObjects: 0.115400 ms)

========================================================================
Received Import Request.
  Time since last request: 344.199735 seconds.
  path: ProjectSettings/TagManager.asset
  artifactKey: Guid(00000000000000003000000000000000) Importer(815301076,1909f56bfc062723c751e8b465ee728b)
Start importing ProjectSettings/TagManager.asset using Guid(00000000000000003000000000000000) Importer(815301076,1909f56bfc062723c751e8b465ee728b)  -> (artifact id: '2a276bfe1a8cbeea2c89852a4ad7a997') in 0.019378 seconds
  Import took 0.022104 seconds .

========================================================================
Received Import Request.
  Time since last request: 26.053400 seconds.
  path: Assets/Scripts
  artifactKey: Guid(8fdb1d8572372b34ebf34ead4bd33cd0) Importer(815301076,1909f56bfc062723c751e8b465ee728b)
Start importing Assets/Scripts using Guid(8fdb1d8572372b34ebf34ead4bd33cd0) Importer(815301076,1909f56bfc062723c751e8b465ee728b)  -> (artifact id: 'f5ad89b0e9dda5d3c3ef59822344007a') in 0.008714 seconds
  Import took 0.011380 seconds .

========================================================================
Received Prepare
Registering precompiled user dll's ...
Registered in 0.000918 seconds.
Begin MonoManager ReloadAssembly
Native extension for WindowsStandalone target not found
Refreshing native plugins compatible for Editor in 0.36 ms, found 1 plugins.
Preloading 0 native plugins for Editor in 0.00 ms.
Invoked RoslynAnalysisRunner static constructor.
RoslynAnalysisRunner will not be running.
RoslynAnalysisRunner has terminated.
Mono: successfully reloaded assembly
- Completed reload, in  0.779 seconds
Platform modules already initialized, skipping
Refreshing native plugins compatible for Editor in 0.34 ms, found 1 plugins.
Preloading 0 native plugins for Editor in 0.00 ms.
Unloading 1783 Unused Serialized files (Serialized files now loaded: 0)
System memory in use before: 87.2 MB.
System memory in use after: 87.2 MB.

Unloading 13 unused Assets to reduce memory usage. Loaded Objects now: 2257.
Total: 2.073800 ms (FindLiveObjects: 0.268500 ms CreateObjectMapping: 0.139400 ms MarkObjects: 1.570400 ms  DeleteObjects: 0.094000 ms)

========================================================================
Received Import Request.
  Time since last request: 13.979957 seconds.
  path: Assets/Scripts/Koi.cs
  artifactKey: Guid(0ffd94725ac2d4547b56908e2c7a0bdf) Importer(815301076,1909f56bfc062723c751e8b465ee728b)
Start importing Assets/Scripts/Koi.cs using Guid(0ffd94725ac2d4547b56908e2c7a0bdf) Importer(815301076,1909f56bfc062723c751e8b465ee728b)  -> (artifact id: '0286f303a49ec7b04b908cfbbebd60ce') in 0.018268 seconds
  Import took 0.021280 seconds .

========================================================================
Received Import Request.
  Time since last request: 0.013244 seconds.
  path: Assets/Scripts/Koi.cs
  artifactKey: Guid(0ffd94725ac2d4547b56908e2c7a0bdf) Importer(815301076,1909f56bfc062723c751e8b465ee728b)
Start importing Assets/Scripts/Koi.cs using Guid(0ffd94725ac2d4547b56908e2c7a0bdf) Importer(815301076,1909f56bfc062723c751e8b465ee728b)  -> (artifact id: '0286f303a49ec7b04b908cfbbebd60ce') in 0.004782 seconds
  Import took 0.009655 seconds .

========================================================================
Received Import Request.
  Time since last request: 203.627567 seconds.
  path: Assets/Scripts/Koi.cs
  artifactKey: Guid(0ffd94725ac2d4547b56908e2c7a0bdf) Importer(815301076,1909f56bfc062723c751e8b465ee728b)
Start importing Assets/Scripts/Koi.cs using Guid(0ffd94725ac2d4547b56908e2c7a0bdf) Importer(815301076,1909f56bfc062723c751e8b465ee728b)  -> (artifact id: 'f45274cd75538d9631482645a5f20b67') in 0.008937 seconds
  Import took 0.012468 seconds .

========================================================================
Received Import Request.
  Time since last request: 0.025715 seconds.
  path: Assets/Scripts/Koi.cs
  artifactKey: Guid(0ffd94725ac2d4547b56908e2c7a0bdf) Importer(815301076,1909f56bfc062723c751e8b465ee728b)
Start importing Assets/Scripts/Koi.cs using Guid(0ffd94725ac2d4547b56908e2c7a0bdf) Importer(815301076,1909f56bfc062723c751e8b465ee728b)  -> (artifact id: 'f45274cd75538d9631482645a5f20b67') in 0.006013 seconds
  Import took 0.008903 seconds .

========================================================================
Received Prepare
Registering precompiled user dll's ...
Registered in 0.001050 seconds.
Begin MonoManager ReloadAssembly
Native extension for WindowsStandalone target not found
Refreshing native plugins compatible for Editor in 0.35 ms, found 1 plugins.
Preloading 0 native plugins for Editor in 0.00 ms.
Invoked RoslynAnalysisRunner static constructor.
RoslynAnalysisRunner will not be running.
RoslynAnalysisRunner has terminated.
Mono: successfully reloaded assembly
- Completed reload, in  0.795 seconds
Platform modules already initialized, skipping
Refreshing native plugins compatible for Editor in 0.32 ms, found 1 plugins.
Preloading 0 native plugins for Editor in 0.00 ms.
Unloading 1783 Unused Serialized files (Serialized files now loaded: 0)
System memory in use before: 87.3 MB.
System memory in use after: 87.3 MB.

Unloading 12 unused Assets to reduce memory usage. Loaded Objects now: 2260.
Total: 2.121200 ms (FindLiveObjects: 0.339400 ms CreateObjectMapping: 0.144400 ms MarkObjects: 1.535400 ms  DeleteObjects: 0.099800 ms)

========================================================================
Received Import Request.
  Time since last request: 197.473274 seconds.
  path: Assets/Scripts/Koi.cs
  artifactKey: Guid(0ffd94725ac2d4547b56908e2c7a0bdf) Importer(815301076,1909f56bfc062723c751e8b465ee728b)
Start importing Assets/Scripts/Koi.cs using Guid(0ffd94725ac2d4547b56908e2c7a0bdf) Importer(815301076,1909f56bfc062723c751e8b465ee728b)  -> (artifact id: '8e0856b6382ad7cf123a2066801f8197') in 0.006131 seconds
  Import took 0.009301 seconds .

========================================================================
Received Import Request.
  Time since last request: 0.032864 seconds.
  path: Assets/Scripts/Koi.cs
  artifactKey: Guid(0ffd94725ac2d4547b56908e2c7a0bdf) Importer(815301076,1909f56bfc062723c751e8b465ee728b)
Start importing Assets/Scripts/Koi.cs using Guid(0ffd94725ac2d4547b56908e2c7a0bdf) Importer(815301076,1909f56bfc062723c751e8b465ee728b)  -> (artifact id: '8e0856b6382ad7cf123a2066801f8197') in 0.003844 seconds
  Import took 0.006809 seconds .

========================================================================
Received Prepare
Registering precompiled user dll's ...
Registered in 0.001118 seconds.
Begin MonoManager ReloadAssembly
Native extension for WindowsStandalone target not found
Refreshing native plugins compatible for Editor in 0.48 ms, found 1 plugins.
Preloading 0 native plugins for Editor in 0.00 ms.
Invoked RoslynAnalysisRunner static constructor.
RoslynAnalysisRunner will not be running.
RoslynAnalysisRunner has terminated.
Mono: successfully reloaded assembly
- Completed reload, in  0.830 seconds
Platform modules already initialized, skipping
Refreshing native plugins compatible for Editor in 0.41 ms, found 1 plugins.
Preloading 0 native plugins for Editor in 0.00 ms.
Unloading 1783 Unused Serialized files (Serialized files now loaded: 0)
System memory in use before: 87.4 MB.
System memory in use after: 87.4 MB.

Unloading 12 unused Assets to reduce memory usage. Loaded Objects now: 2263.
Total: 2.791100 ms (FindLiveObjects: 0.303300 ms CreateObjectMapping: 0.120700 ms MarkObjects: 2.143800 ms  DeleteObjects: 0.221700 ms)

========================================================================
Received Prepare
Registering precompiled user dll's ...
Registered in 0.001383 seconds.
Begin MonoManager ReloadAssembly
Native extension for WindowsStandalone target not found
Refreshing native plugins compatible for Editor in 0.45 ms, found 1 plugins.
Preloading 0 native plugins for Editor in 0.00 ms.
Invoked RoslynAnalysisRunner static constructor.
RoslynAnalysisRunner will not be running.
RoslynAnalysisRunner has terminated.
Mono: successfully reloaded assembly
- Completed reload, in  0.891 seconds
Platform modules already initialized, skipping
Refreshing native plugins compatible for Editor in 0.38 ms, found 1 plugins.
Preloading 0 native plugins for Editor in 0.00 ms.
Unloading 1783 Unused Serialized files (Serialized files now loaded: 0)
System memory in use before: 87.4 MB.
System memory in use after: 87.4 MB.

Unloading 12 unused Assets to reduce memory usage. Loaded Objects now: 2266.
Total: 2.211900 ms (FindLiveObjects: 0.282000 ms CreateObjectMapping: 0.192200 ms MarkObjects: 1.596100 ms  DeleteObjects: 0.140300 ms)

========================================================================
Received Prepare
Registering precompiled user dll's ...
Registered in 0.001078 seconds.
Begin MonoManager ReloadAssembly
Native extension for WindowsStandalone target not found
Refreshing native plugins compatible for Editor in 0.39 ms, found 1 plugins.
Preloading 0 native plugins for Editor in 0.00 ms.
Invoked RoslynAnalysisRunner static constructor.
RoslynAnalysisRunner will not be running.
RoslynAnalysisRunner has terminated.
Mono: successfully reloaded assembly
- Completed reload, in  0.834 seconds
Platform modules already initialized, skipping
Refreshing native plugins compatible for Editor in 0.31 ms, found 1 plugins.
Preloading 0 native plugins for Editor in 0.00 ms.
Unloading 1783 Unused Serialized files (Serialized files now loaded: 0)
System memory in use before: 87.5 MB.
System memory in use after: 87.5 MB.

Unloading 12 unused Assets to reduce memory usage. Loaded Objects now: 2269.
Total: 2.212300 ms (FindLiveObjects: 0.303200 ms CreateObjectMapping: 0.133500 ms MarkObjects: 1.686200 ms  DeleteObjects: 0.088300 ms)

========================================================================
Received Prepare
Registering precompiled user dll's ...
Registered in 0.000989 seconds.
Begin MonoManager ReloadAssembly
Native extension for WindowsStandalone target not found
Refreshing native plugins compatible for Editor in 0.36 ms, found 1 plugins.
Preloading 0 native plugins for Editor in 0.00 ms.
Invoked RoslynAnalysisRunner static constructor.
RoslynAnalysisRunner will not be running.
RoslynAnalysisRunner has terminated.
Mono: successfully reloaded assembly
- Completed reload, in  0.772 seconds
Platform modules already initialized, skipping
Refreshing native plugins compatible for Editor in 0.50 ms, found 1 plugins.
Preloading 0 native plugins for Editor in 0.00 ms.
Unloading 1783 Unused Serialized files (Serialized files now loaded: 0)
System memory in use before: 87.6 MB.
System memory in use after: 87.6 MB.

Unloading 12 unused Assets to reduce memory usage. Loaded Objects now: 2272.
Total: 3.455100 ms (FindLiveObjects: 0.372600 ms CreateObjectMapping: 0.132400 ms MarkObjects: 2.826300 ms  DeleteObjects: 0.122300 ms)

========================================================================
Received Prepare
Registering precompiled user dll's ...
Registered in 0.000950 seconds.
Begin MonoManager ReloadAssembly
Native extension for WindowsStandalone target not found
Refreshing native plugins compatible for Editor in 0.57 ms, found 1 plugins.
Preloading 0 native plugins for Editor in 0.00 ms.
Invoked RoslynAnalysisRunner static constructor.
RoslynAnalysisRunner will not be running.
RoslynAnalysisRunner has terminated.
Mono: successfully reloaded assembly
- Completed reload, in  1.078 seconds
Platform modules already initialized, skipping
Refreshing native plugins compatible for Editor in 0.87 ms, found 1 plugins.
Preloading 0 native plugins for Editor in 0.00 ms.
Unloading 1783 Unused Serialized files (Serialized files now loaded: 0)
System memory in use before: 87.6 MB.
System memory in use after: 87.6 MB.

Unloading 12 unused Assets to reduce memory usage. Loaded Objects now: 2275.
Total: 3.532200 ms (FindLiveObjects: 0.386200 ms CreateObjectMapping: 0.353700 ms MarkObjects: 2.609600 ms  DeleteObjects: 0.180400 ms)

========================================================================
Received Import Request.
  Time since last request: 60.149815 seconds.
  path: Assets/Prefabs/Koi.prefab
  artifactKey: Guid(9c7ecad5664f43d4da0ceb9c3e8a5da7) Importer(815301076,1909f56bfc062723c751e8b465ee728b)
Start importing Assets/Prefabs/Koi.prefab using Guid(9c7ecad5664f43d4da0ceb9c3e8a5da7) Importer(815301076,1909f56bfc062723c751e8b465ee728b)  -> (artifact id: 'b29c136aa93b326aec1578028b9a689e') in 0.070924 seconds
  Import took 0.074290 seconds .

========================================================================
Received Prepare
Registering precompiled user dll's ...
Registered in 0.000964 seconds.
Begin MonoManager ReloadAssembly
Native extension for WindowsStandalone target not found
Refreshing native plugins compatible for Editor in 0.32 ms, found 1 plugins.
Preloading 0 native plugins for Editor in 0.00 ms.
Invoked RoslynAnalysisRunner static constructor.
RoslynAnalysisRunner will not be running.
RoslynAnalysisRunner has terminated.
Mono: successfully reloaded assembly
- Completed reload, in  0.809 seconds
Platform modules already initialized, skipping
Refreshing native plugins compatible for Editor in 0.30 ms, found 1 plugins.
Preloading 0 native plugins for Editor in 0.00 ms.
Unloading 1783 Unused Serialized files (Serialized files now loaded: 0)
System memory in use before: 87.7 MB.
System memory in use after: 87.7 MB.

Unloading 12 unused Assets to reduce memory usage. Loaded Objects now: 2279.
Total: 2.306900 ms (FindLiveObjects: 0.512100 ms CreateObjectMapping: 0.098900 ms MarkObjects: 1.601100 ms  DeleteObjects: 0.093100 ms)

========================================================================
Received Prepare
Registering precompiled user dll's ...
Registered in 0.001065 seconds.
Begin MonoManager ReloadAssembly
Native extension for WindowsStandalone target not found
Refreshing native plugins compatible for Editor in 0.36 ms, found 1 plugins.
Preloading 0 native plugins for Editor in 0.00 ms.
Invoked RoslynAnalysisRunner static constructor.
RoslynAnalysisRunner will not be running.
RoslynAnalysisRunner has terminated.
Mono: successfully reloaded assembly
- Completed reload, in  0.790 seconds
Platform modules already initialized, skipping
Refreshing native plugins compatible for Editor in 0.32 ms, found 1 plugins.
Preloading 0 native plugins for Editor in 0.00 ms.
Unloading 1783 Unused Serialized files (Serialized files now loaded: 0)
System memory in use before: 87.8 MB.
System memory in use after: 87.8 MB.

Unloading 12 unused Assets to reduce memory usage. Loaded Objects now: 2282.
Total: 1.896600 ms (FindLiveObjects: 0.197600 ms CreateObjectMapping: 0.074500 ms MarkObjects: 1.525300 ms  DeleteObjects: 0.098000 ms)

========================================================================
Received Prepare
Registering precompiled user dll's ...
Registered in 0.001604 seconds.
Begin MonoManager ReloadAssembly
Native extension for WindowsStandalone target not found
Refreshing native plugins compatible for Editor in 0.35 ms, found 1 plugins.
Preloading 0 native plugins for Editor in 0.00 ms.
Invoked RoslynAnalysisRunner static constructor.
RoslynAnalysisRunner will not be running.
RoslynAnalysisRunner has terminated.
Mono: successfully reloaded assembly
- Completed reload, in  0.860 seconds
Platform modules already initialized, skipping
Refreshing native plugins compatible for Editor in 0.31 ms, found 1 plugins.
Preloading 0 native plugins for Editor in 0.00 ms.
Unloading 1783 Unused Serialized files (Serialized files now loaded: 0)
System memory in use before: 87.9 MB.
System memory in use after: 87.9 MB.

Unloading 12 unused Assets to reduce memory usage. Loaded Objects now: 2285.
Total: 1.855800 ms (FindLiveObjects: 0.183600 ms CreateObjectMapping: 0.075700 ms MarkObjects: 1.483000 ms  DeleteObjects: 0.112700 ms)

========================================================================
Received Prepare
Registering precompiled user dll's ...
Registered in 0.001089 seconds.
Begin MonoManager ReloadAssembly
Native extension for WindowsStandalone target not found
Refreshing native plugins compatible for Editor in 0.31 ms, found 1 plugins.
Preloading 0 native plugins for Editor in 0.00 ms.
Invoked RoslynAnalysisRunner static constructor.
RoslynAnalysisRunner will not be running.
RoslynAnalysisRunner has terminated.
Mono: successfully reloaded assembly
- Completed reload, in  0.759 seconds
Platform modules already initialized, skipping
Refreshing native plugins compatible for Editor in 0.32 ms, found 1 plugins.
Preloading 0 native plugins for Editor in 0.00 ms.
Unloading 1783 Unused Serialized files (Serialized files now loaded: 0)
System memory in use before: 87.9 MB.
System memory in use after: 87.9 MB.

Unloading 12 unused Assets to reduce memory usage. Loaded Objects now: 2288.
Total: 2.397700 ms (FindLiveObjects: 0.447600 ms CreateObjectMapping: 0.221400 ms MarkObjects: 1.625400 ms  DeleteObjects: 0.100100 ms)

========================================================================
Received Import Request.
  Time since last request: 911.684598 seconds.
  path: Assets/Prefabs/TankWidth.prefab
  artifactKey: Guid(800a62a701c3bd844a8bee31b2f77ea0) Importer(815301076,1909f56bfc062723c751e8b465ee728b)
Start importing Assets/Prefabs/TankWidth.prefab using Guid(800a62a701c3bd844a8bee31b2f77ea0) Importer(815301076,1909f56bfc062723c751e8b465ee728b)  -> (artifact id: '14a1fdd53d8cf9c5384cf47f9e5c3f8f') in 0.062303 seconds
  Import took 0.066956 seconds .

========================================================================
Received Import Request.
  Time since last request: 4.785811 seconds.
  path: Assets/Prefabs/TankWidth.prefab
  artifactKey: Guid(800a62a701c3bd844a8bee31b2f77ea0) Importer(815301076,1909f56bfc062723c751e8b465ee728b)
Start importing Assets/Prefabs/TankWidth.prefab using Guid(800a62a701c3bd844a8bee31b2f77ea0) Importer(815301076,1909f56bfc062723c751e8b465ee728b)  -> (artifact id: '8d8764fadc84baec8e7bef2de1bf2ebd') in 0.017720 seconds
  Import took 0.022010 seconds .

========================================================================
Received Prepare
Registering precompiled user dll's ...
Registered in 0.001094 seconds.
Begin MonoManager ReloadAssembly
Native extension for WindowsStandalone target not found
Refreshing native plugins compatible for Editor in 0.34 ms, found 1 plugins.
Preloading 0 native plugins for Editor in 0.00 ms.
Invoked RoslynAnalysisRunner static constructor.
RoslynAnalysisRunner will not be running.
RoslynAnalysisRunner has terminated.
Mono: successfully reloaded assembly
- Completed reload, in  0.856 seconds
Platform modules already initialized, skipping
Refreshing native plugins compatible for Editor in 0.36 ms, found 1 plugins.
Preloading 0 native plugins for Editor in 0.00 ms.
Unloading 1783 Unused Serialized files (Serialized files now loaded: 0)
System memory in use before: 88.0 MB.
System memory in use after: 88.0 MB.

Unloading 12 unused Assets to reduce memory usage. Loaded Objects now: 2292.
Total: 2.200600 ms (FindLiveObjects: 0.265700 ms CreateObjectMapping: 0.105200 ms MarkObjects: 1.738300 ms  DeleteObjects: 0.090200 ms)

========================================================================
Received Prepare
Registering precompiled user dll's ...
Registered in 0.001003 seconds.
Begin MonoManager ReloadAssembly
Native extension for WindowsStandalone target not found
Refreshing native plugins compatible for Editor in 0.31 ms, found 1 plugins.
Preloading 0 native plugins for Editor in 0.00 ms.
Invoked RoslynAnalysisRunner static constructor.
RoslynAnalysisRunner will not be running.
RoslynAnalysisRunner has terminated.
Mono: successfully reloaded assembly
- Completed reload, in  0.817 seconds
Platform modules already initialized, skipping
Refreshing native plugins compatible for Editor in 0.31 ms, found 1 plugins.
Preloading 0 native plugins for Editor in 0.00 ms.
Unloading 1783 Unused Serialized files (Serialized files now loaded: 0)
System memory in use before: 88.1 MB.
System memory in use after: 88.1 MB.

Unloading 12 unused Assets to reduce memory usage. Loaded Objects now: 2295.
Total: 1.894000 ms (FindLiveObjects: 0.279400 ms CreateObjectMapping: 0.083700 ms MarkObjects: 1.445300 ms  DeleteObjects: 0.084400 ms)

========================================================================
Received Prepare
Registering precompiled user dll's ...
Registered in 0.001015 seconds.
Begin MonoManager ReloadAssembly
Native extension for WindowsStandalone target not found
Refreshing native plugins compatible for Editor in 0.34 ms, found 1 plugins.
Preloading 0 native plugins for Editor in 0.00 ms.
Invoked RoslynAnalysisRunner static constructor.
RoslynAnalysisRunner will not be running.
RoslynAnalysisRunner has terminated.
Mono: successfully reloaded assembly
- Completed reload, in  0.774 seconds
Platform modules already initialized, skipping
Refreshing native plugins compatible for Editor in 0.34 ms, found 1 plugins.
Preloading 0 native plugins for Editor in 0.00 ms.
Unloading 1783 Unused Serialized files (Serialized files now loaded: 0)
System memory in use before: 88.1 MB.
System memory in use after: 88.1 MB.

Unloading 12 unused Assets to reduce memory usage. Loaded Objects now: 2298.
Total: 2.315100 ms (FindLiveObjects: 0.296300 ms CreateObjectMapping: 0.117000 ms MarkObjects: 1.795600 ms  DeleteObjects: 0.105000 ms)

========================================================================
Received Prepare
Registering precompiled user dll's ...
Registered in 0.002222 seconds.
Begin MonoManager ReloadAssembly
Native extension for WindowsStandalone target not found
Refreshing native plugins compatible for Editor in 0.61 ms, found 1 plugins.
Preloading 0 native plugins for Editor in 0.00 ms.
Invoked RoslynAnalysisRunner static constructor.
RoslynAnalysisRunner will not be running.
RoslynAnalysisRunner has terminated.
Mono: successfully reloaded assembly
- Completed reload, in  1.154 seconds
Platform modules already initialized, skipping
Refreshing native plugins compatible for Editor in 0.60 ms, found 1 plugins.
Preloading 0 native plugins for Editor in 0.00 ms.
Unloading 1783 Unused Serialized files (Serialized files now loaded: 0)
System memory in use before: 88.2 MB.
System memory in use after: 88.2 MB.

Unloading 12 unused Assets to reduce memory usage. Loaded Objects now: 2301.
Total: 2.701900 ms (FindLiveObjects: 0.274300 ms CreateObjectMapping: 0.143200 ms MarkObjects: 2.171500 ms  DeleteObjects: 0.110900 ms)

========================================================================
Received Prepare
Refreshing native plugins compatible for Editor in 1.70 ms, found 1 plugins.
Preloading 0 native plugins for Editor in 0.00 ms.
Unloading 10 Unused Serialized files (Serialized files now loaded: 0)
System memory in use before: 53.2 MB.
System memory in use after: 53.2 MB.

Unloading 10 unused Assets to reduce memory usage. Loaded Objects now: 2301.
Total: 2.223100 ms (FindLiveObjects: 0.201100 ms CreateObjectMapping: 0.106100 ms MarkObjects: 1.813700 ms  DeleteObjects: 0.100900 ms)

========================================================================
Received Prepare
Registering precompiled user dll's ...
Registered in 0.000883 seconds.
Begin MonoManager ReloadAssembly
Native extension for WindowsStandalone target not found
Refreshing native plugins compatible for Editor in 0.31 ms, found 1 plugins.
Preloading 0 native plugins for Editor in 0.00 ms.
Invoked RoslynAnalysisRunner static constructor.
RoslynAnalysisRunner will not be running.
RoslynAnalysisRunner has terminated.
Mono: successfully reloaded assembly
- Completed reload, in  0.807 seconds
Platform modules already initialized, skipping
Refreshing native plugins compatible for Editor in 0.34 ms, found 1 plugins.
Preloading 0 native plugins for Editor in 0.00 ms.
Unloading 1783 Unused Serialized files (Serialized files now loaded: 0)
System memory in use before: 88.3 MB.
System memory in use after: 88.3 MB.

Unloading 12 unused Assets to reduce memory usage. Loaded Objects now: 2304.
Total: 2.273700 ms (FindLiveObjects: 0.257600 ms CreateObjectMapping: 0.115500 ms MarkObjects: 1.757600 ms  DeleteObjects: 0.141800 ms)

========================================================================
Received Prepare
Registering precompiled user dll's ...
Registered in 0.000884 seconds.
Begin MonoManager ReloadAssembly
Native extension for WindowsStandalone target not found
Refreshing native plugins compatible for Editor in 0.32 ms, found 1 plugins.
Preloading 0 native plugins for Editor in 0.00 ms.
Invoked RoslynAnalysisRunner static constructor.
RoslynAnalysisRunner will not be running.
RoslynAnalysisRunner has terminated.
Mono: successfully reloaded assembly
- Completed reload, in  0.874 seconds
Platform modules already initialized, skipping
Refreshing native plugins compatible for Editor in 0.35 ms, found 1 plugins.
Preloading 0 native plugins for Editor in 0.00 ms.
Unloading 1784 Unused Serialized files (Serialized files now loaded: 0)
System memory in use before: 88.4 MB.
System memory in use after: 88.4 MB.

Unloading 12 unused Assets to reduce memory usage. Loaded Objects now: 2308.
Total: 2.205600 ms (FindLiveObjects: 0.212400 ms CreateObjectMapping: 0.109500 ms MarkObjects: 1.786600 ms  DeleteObjects: 0.095700 ms)

========================================================================
Received Prepare
Registering precompiled user dll's ...
Registered in 0.000997 seconds.
Begin MonoManager ReloadAssembly
Native extension for WindowsStandalone target not found
Refreshing native plugins compatible for Editor in 0.35 ms, found 1 plugins.
Preloading 0 native plugins for Editor in 0.00 ms.
Invoked RoslynAnalysisRunner static constructor.
RoslynAnalysisRunner will not be running.
RoslynAnalysisRunner has terminated.
Mono: successfully reloaded assembly
- Completed reload, in  0.828 seconds
Platform modules already initialized, skipping
Refreshing native plugins compatible for Editor in 0.31 ms, found 1 plugins.
Preloading 0 native plugins for Editor in 0.00 ms.
Unloading 1784 Unused Serialized files (Serialized files now loaded: 0)
System memory in use before: 88.5 MB.
System memory in use after: 88.5 MB.

Unloading 12 unused Assets to reduce memory usage. Loaded Objects now: 2311.
Total: 1.876700 ms (FindLiveObjects: 0.218300 ms CreateObjectMapping: 0.069500 ms MarkObjects: 1.495800 ms  DeleteObjects: 0.090800 ms)

========================================================================
Received Import Request.
  Time since last request: 1731.468376 seconds.
  path: Assets/Scripts/WaterColor.cs
  artifactKey: Guid(5c8aa36368423ea499b7c886ce0dcb38) Importer(815301076,1909f56bfc062723c751e8b465ee728b)
Start importing Assets/Scripts/WaterColor.cs using Guid(5c8aa36368423ea499b7c886ce0dcb38) Importer(815301076,1909f56bfc062723c751e8b465ee728b)  -> (artifact id: 'eef80f510932fc45873d04c9909015bd') in 0.009556 seconds
  Import took 0.013762 seconds .

========================================================================
Received Import Request.
  Time since last request: 314.382939 seconds.
  path: Assets/Scripts/WaterColor.cs
  artifactKey: Guid(5c8aa36368423ea499b7c886ce0dcb38) Importer(815301076,1909f56bfc062723c751e8b465ee728b)
Start importing Assets/Scripts/WaterColor.cs using Guid(5c8aa36368423ea499b7c886ce0dcb38) Importer(815301076,1909f56bfc062723c751e8b465ee728b)  -> (artifact id: '95818c5afc9b61eb0e59444f7b207dad') in 0.003822 seconds
  Import took 0.007850 seconds .

========================================================================
Received Import Request.
  Time since last request: 0.002756 seconds.
  path: Assets/Scripts/WaterColor.cs
  artifactKey: Guid(5c8aa36368423ea499b7c886ce0dcb38) Importer(815301076,1909f56bfc062723c751e8b465ee728b)
Start importing Assets/Scripts/WaterColor.cs using Guid(5c8aa36368423ea499b7c886ce0dcb38) Importer(815301076,1909f56bfc062723c751e8b465ee728b)  -> (artifact id: '95818c5afc9b61eb0e59444f7b207dad') in 0.006255 seconds
  Import took 0.009117 seconds .

========================================================================
Received Import Request.
  Time since last request: 262.636607 seconds.
  path: Assets/Sprites
  artifactKey: Guid(c6780a1800fe4844b84d66575d946f98) Importer(815301076,1909f56bfc062723c751e8b465ee728b)
Start importing Assets/Sprites using Guid(c6780a1800fe4844b84d66575d946f98) Importer(815301076,1909f56bfc062723c751e8b465ee728b)  -> (artifact id: '4b826ccfad979e464dc9989b2a66c8a9') in 0.009740 seconds
  Import took 0.015053 seconds .

========================================================================
Received Import Request.
  Time since last request: 0.064954 seconds.
  path: Assets/Sprites/koifishred.png
  artifactKey: Guid(4bb2b09ce595501498a331b6b4029878) Importer(815301076,1909f56bfc062723c751e8b465ee728b)
Start importing Assets/Sprites/koifishred.png using Guid(4bb2b09ce595501498a331b6b4029878) Importer(815301076,1909f56bfc062723c751e8b465ee728b)  -> (artifact id: 'e1db4229d70dea7070dab79d75fa5f0c') in 0.124291 seconds
  Import took 0.128112 seconds .

========================================================================
Received Prepare
Registering precompiled user dll's ...
Registered in 0.001002 seconds.
Begin MonoManager ReloadAssembly
Native extension for WindowsStandalone target not found
Refreshing native plugins compatible for Editor in 0.33 ms, found 1 plugins.
Preloading 0 native plugins for Editor in 0.00 ms.
Invoked RoslynAnalysisRunner static constructor.
RoslynAnalysisRunner will not be running.
RoslynAnalysisRunner has terminated.
Mono: successfully reloaded assembly
- Completed reload, in  0.789 seconds
Platform modules already initialized, skipping
Refreshing native plugins compatible for Editor in 0.34 ms, found 1 plugins.
Preloading 0 native plugins for Editor in 0.00 ms.
Unloading 1784 Unused Serialized files (Serialized files now loaded: 0)
System memory in use before: 88.6 MB.
System memory in use after: 88.6 MB.

Unloading 12 unused Assets to reduce memory usage. Loaded Objects now: 2318.
Total: 2.263500 ms (FindLiveObjects: 0.299900 ms CreateObjectMapping: 0.151800 ms MarkObjects: 1.713800 ms  DeleteObjects: 0.096000 ms)

========================================================================
Received Prepare
Registering precompiled user dll's ...
Registered in 0.001057 seconds.
Begin MonoManager ReloadAssembly
Native extension for WindowsStandalone target not found
Refreshing native plugins compatible for Editor in 0.56 ms, found 1 plugins.
Preloading 0 native plugins for Editor in 0.00 ms.
Invoked RoslynAnalysisRunner static constructor.
RoslynAnalysisRunner will not be running.
RoslynAnalysisRunner has terminated.
Mono: successfully reloaded assembly
- Completed reload, in  0.796 seconds
Platform modules already initialized, skipping
Refreshing native plugins compatible for Editor in 0.32 ms, found 1 plugins.
Preloading 0 native plugins for Editor in 0.00 ms.
Unloading 1784 Unused Serialized files (Serialized files now loaded: 0)
System memory in use before: 88.6 MB.
System memory in use after: 88.6 MB.

Unloading 12 unused Assets to reduce memory usage. Loaded Objects now: 2321.
Total: 2.213800 ms (FindLiveObjects: 0.192200 ms CreateObjectMapping: 0.083800 ms MarkObjects: 1.846600 ms  DeleteObjects: 0.090300 ms)

AssetImportWorkerClient::OnTransportError - code=2 error=End of file
